  Application.cpp
C:\Users\Chris\Downloads\OpenGlApp\OpenGlApp\OpenGLApp\Application.h(36,37): warning C4244: 'return': conversion from 'const int' to 'float', possible loss of data
  (compiling source file 'Application.cpp')
  
C:\Users\Chris\Downloads\OpenGlApp\OpenGlApp\OpenGLApp\Application.h(37,38): warning C4244: 'return': conversion from 'const int' to 'float', possible loss of data
  (compiling source file 'Application.cpp')
  
C:\Users\Chris\Downloads\OpenGlApp\OpenGlApp\OpenGLApp\Application.cpp(143,62): warning C4244: 'argument': conversion from 'const int' to 'float', possible loss of data
C:\Users\Chris\Downloads\OpenGlApp\OpenGlApp\OpenGLApp\Application.cpp(143,49): warning C4244: 'argument': conversion from 'const int' to 'float', possible loss of data
  Camera.cpp
C:\Users\Chris\Downloads\OpenGlApp\OpenGlApp\OpenGLApp\Application.h(36,37): warning C4244: 'return': conversion from 'const int' to 'float', possible loss of data
  (compiling source file 'Camera.cpp')
  
C:\Users\Chris\Downloads\OpenGlApp\OpenGlApp\OpenGLApp\Application.h(37,38): warning C4244: 'return': conversion from 'const int' to 'float', possible loss of data
  (compiling source file 'Camera.cpp')
  
  imgui.cpp
  imgui_draw.cpp
  Gizmos.cpp
  imgui_glfw3.cpp
  Mesh.cpp
C:\Users\Chris\Downloads\OpenGlApp\OpenGlApp\OpenGLApp\Mesh.cpp(178,48): warning C4267: 'argument': conversion from 'size_t' to 'unsigned int', possible loss of data
C:\Users\Chris\Downloads\OpenGlApp\OpenGlApp\OpenGLApp\Mesh.cpp(216,15): warning C4267: 'initializing': conversion from 'size_t' to 'int', possible loss of data
  OpenGLApp.cpp
C:\Users\Chris\Downloads\OpenGlApp\OpenGlApp\OpenGLApp\Application.h(36,37): warning C4244: 'return': conversion from 'const int' to 'float', possible loss of data
  (compiling source file 'OpenGLApp.cpp')
  
C:\Users\Chris\Downloads\OpenGlApp\OpenGlApp\OpenGLApp\Application.h(37,38): warning C4244: 'return': conversion from 'const int' to 'float', possible loss of data
  (compiling source file 'OpenGLApp.cpp')
  
  Shader.cpp
  Texture.cpp
  Generating Code...
  glad.c
  LINK : C:\Users\Chris\Downloads\OpenGlApp\OpenGlApp\OpenGLApp\x64\Debug\OpenGLApp.exe not found or not built by the last incremental link; performing full link
LINK : warning LNK4098: defaultlib 'MSVCRT' conflicts with use of other libs; use /NODEFAULTLIB:library
  OpenGLApp.vcxproj -> C:\Users\Chris\Downloads\OpenGlApp\OpenGlApp\OpenGLApp\x64\Debug\OpenGLApp.exe
